
G:\ARM_Proj\Idle_timer\src\vetorsTable.o:     file format elf32-littlearm

SYMBOL TABLE:
00000000 l    d  .bss	00000000 .bss
00000000 l    d  .vectors	00000000 .vectors



Disassembly of section .vectors:

00000000 <.vectors>:
   0:	20005000 	.word	0x20005000
   4:	00000001 	.word	0x00000001
   8:	00000001 	.word	0x00000001
   c:	00000001 	.word	0x00000001
  10:	00000001 	.word	0x00000001
  14:	00000001 	.word	0x00000001
  18:	00000001 	.word	0x00000001
	...
  2c:	00000001 	.word	0x00000001
  30:	00000001 	.word	0x00000001
  34:	00000000 	.word	0x00000000
  38:	00000001 	.word	0x00000001
  3c:	00000001 	.word	0x00000001
  40:	00000001 	.word	0x00000001
  44:	00000001 	.word	0x00000001
  48:	00000001 	.word	0x00000001
  4c:	00000001 	.word	0x00000001
  50:	00000001 	.word	0x00000001
  54:	00000001 	.word	0x00000001
  58:	00000001 	.word	0x00000001
  5c:	00000001 	.word	0x00000001
  60:	00000001 	.word	0x00000001
  64:	00000001 	.word	0x00000001
  68:	00000001 	.word	0x00000001
  6c:	00000001 	.word	0x00000001
  70:	00000001 	.word	0x00000001
  74:	00000001 	.word	0x00000001
  78:	00000001 	.word	0x00000001
  7c:	00000001 	.word	0x00000001
  80:	00000001 	.word	0x00000001
  84:	00000001 	.word	0x00000001
  88:	00000001 	.word	0x00000001
  8c:	00000001 	.word	0x00000001
  90:	00000001 	.word	0x00000001
  94:	00000001 	.word	0x00000001
  98:	00000001 	.word	0x00000001
  9c:	00000001 	.word	0x00000001
  a0:	00000001 	.word	0x00000001
  a4:	00000001 	.word	0x00000001
  a8:	00000001 	.word	0x00000001
  ac:	00000001 	.word	0x00000001
  b0:	00000001 	.word	0x00000001
  b4:	00000001 	.word	0x00000001
  b8:	00000001 	.word	0x00000001
  bc:	00000001 	.word	0x00000001
  c0:	00000001 	.word	0x00000001
  c4:	00000001 	.word	0x00000001
  c8:	00000001 	.word	0x00000001
  cc:	00000001 	.word	0x00000001
  d0:	00000001 	.word	0x00000001
  d4:	00000001 	.word	0x00000001
  d8:	00000001 	.word	0x00000001
  dc:	00000001 	.word	0x00000001
  e0:	00000001 	.word	0x00000001
  e4:	00000001 	.word	0x00000001
  e8:	00000000 	.word	0x00000000
  ec:	00000001 	.word	0x00000001
  f0:	00000001 	.word	0x00000001
  f4:	00000001 	.word	0x00000001
  f8:	00000001 	.word	0x00000001
  fc:	00000001 	.word	0x00000001
 100:	00000001 	.word	0x00000001
 104:	00000001 	.word	0x00000001
 108:	00000001 	.word	0x00000001
 10c:	00000001 	.word	0x00000001
 110:	00000001 	.word	0x00000001
 114:	00000001 	.word	0x00000001
 118:	00000001 	.word	0x00000001
 11c:	00000001 	.word	0x00000001
 120:	00000001 	.word	0x00000001
 124:	00000001 	.word	0x00000001
 128:	00000001 	.word	0x00000001
 12c:	00000001 	.word	0x00000001
